DEBUG:root:a
DEBUG:root:a
DEBUG:root:sswswwdw
DEBUG:root:sswswwdw
DEBUG:root:dwdw
DEBUG:root:dwdwdwdwdwdw
DEBUG:root:dwdwdwdwdwd
DEBUG:root:dwdwdwdwdwd
DEBUG:root:ola
DEBUG:root:ola
DEBUG:root:tudo bem?
DEBUG:root:ya e contigo?
DEBUG:root:ya e contigo?
DEBUG:root:bue fixe
DEBUG:root:a
DEBUG:root:a
DEBUG:root:aaaaaaaaaaa
DEBUG:root:aaaaaaaaaaa
DEBUG:root:aaaaaaaaa
DEBUG:root:aaaaaaaaaa
DEBUG:root:a
DEBUG:root:a
DEBUG:root:join hello
DEBUG:root:join hello
DEBUG:root:aaaa
DEBUG:root:[A[A[B
DEBUG:root:join hello
DEBUG:root:a
DEBUG:root:/
DEBUG:root:olaaaa
DEBUG:root:ºnsmvwswr
DEBUG:root:eefewfewfwefwefewfwefw
DEBUG:root:dqwdqwdqw
DEBUG:root:dwdwdw
DEBUG:root:dwdw
DEBUG:root:dw
DEBUG:root:wdwdw
DEBUG:root:w
DEBUG:root:w
DEBUG:root:w
DEBUG:root:w
DEBUG:root:a
DEBUG:root:a
DEBUG:root:[A[A
DEBUG:root:[A[A
DEBUG:root:[B[B[B[B
DEBUG:root:[B[B[B[B
DEBUG:root:[A
DEBUG:root:[A
DEBUG:root:exi
DEBUG:root:exi
DEBUG:root:dwdw
DEBUG:root:dwdw
DEBUG:root:dwdw
DEBUG:root:dwdw
DEBUG:root:a
DEBUG:root:a
DEBUG:root:a
DEBUG:root:a
DEBUG:root:a
DEBUG:root:Olá Mundo
DEBUG:root:dw
DEBUG:root:dw
DEBUG:root:dwdw
DEBUG:root:dwdw
DEBUG:root:dwdw
DEBUG:root:ola
DEBUG:root:ola
DEBUG:root:ola
DEBUG:root:ola
DEBUG:root:ola
DEBUG:root:ola
DEBUG:root:ola
DEBUG:root:ola
DEBUG:root:ola
DEBUG:root:Olá Mundo
DEBUG:root:dwdwdw
DEBUG:root:dwdwdw
DEBUG:root:dwdwdwdw
DEBUG:root:dwdwdwdw
DEBUG:root:ola bar
DEBUG:root:ola foo
DEBUG:root:ola foo
DEBUG:root:cdcddcd
DEBUG:root:dwdwdqwdqwdqwdqw
DEBUG:root:Olá Mundo
DEBUG:root:Hello World
DEBUG:root:Hello World
DEBUG:root:Olá Mundo
DEBUG:root:Hello World
DEBUG:root:Hello World
DEBUG:root:Olá Mundo
DEBUG:root:Hello World
DEBUG:root:Hello World
DEBUG:root:How are you?
DEBUG:root:How are you?
DEBUG:root:Are you new around here?
DEBUG:root:Are you new around here?
DEBUG:root:Hope you enjoy your stay
DEBUG:root:Hope you enjoy your stay
DEBUG:root:You are awesome!
DEBUG:root:Hello!
DEBUG:root:Welcome aboard
DEBUG:root:Welcome aboard
DEBUG:root:Who are you?
DEBUG:root:Who are you?
DEBUG:root:I'm Joe
DEBUG:root:Nice to meet you Joe
DEBUG:root:Nice to meet you Joe
DEBUG:root:Cya around
DEBUG:root:Hello!
DEBUG:root:no one is here...
DEBUG:root:Olá Mundo
DEBUG:root:Hello World
DEBUG:root:Hello World
DEBUG:root:Olá Mundo
DEBUG:root:Hello World
DEBUG:root:Hello World
DEBUG:root:How are you?
DEBUG:root:How are you?
DEBUG:root:Are you new around here?
DEBUG:root:Are you new around here?
DEBUG:root:Hope you enjoy your stay
DEBUG:root:Hope you enjoy your stay
DEBUG:root:You are awesome!
DEBUG:root:Hello!
DEBUG:root:Welcome aboard
DEBUG:root:Welcome aboard
DEBUG:root:Who are you?
DEBUG:root:Who are you?
DEBUG:root:I'm Joe
DEBUG:root:Nice to meet you Joe
DEBUG:root:Nice to meet you Joe
DEBUG:root:Cya around
DEBUG:root:banananaa
DEBUG:root:aaaaa
DEBUG:root:banana
DEBUG:root:Olá Mundo
DEBUG:root:Hello World
DEBUG:root:Hello World
DEBUG:root:Olá Mundo
DEBUG:root:Hello World
DEBUG:root:Hello World
DEBUG:root:How are you?
DEBUG:root:How are you?
DEBUG:root:Are you new around here?
DEBUG:root:Are you new around here?
DEBUG:root:Hope you enjoy your stay
DEBUG:root:Hope you enjoy your stay
DEBUG:root:You are awesome!
DEBUG:root:Hello!
DEBUG:root:Welcome aboard
DEBUG:root:Welcome aboard
DEBUG:root:Who are you?
DEBUG:root:Who are you?
DEBUG:root:I'm Joe
DEBUG:root:Nice to meet you Joe
DEBUG:root:Nice to meet you Joe
DEBUG:root:Cya around
DEBUG:root:Hello!
DEBUG:root:no one is here...
DEBUG:root:Olá Mundo
DEBUG:root:Hello World
DEBUG:root:Hello World
DEBUG:root:Olá Mundo
DEBUG:root:Hello World
DEBUG:root:Hello World
DEBUG:root:How are you?
DEBUG:root:How are you?
DEBUG:root:Are you new around here?
DEBUG:root:Are you new around here?
DEBUG:root:Hope you enjoy your stay
DEBUG:root:Hope you enjoy your stay
DEBUG:root:You are awesome!
DEBUG:root:Hello!
DEBUG:root:Welcome aboard
DEBUG:root:Welcome aboard
DEBUG:root:Who are you?
DEBUG:root:Who are you?
DEBUG:root:I'm Joe
DEBUG:root:Nice to meet you Joe
DEBUG:root:Nice to meet you Joe
DEBUG:root:Cya around
DEBUG:root:Hello!
DEBUG:root:no one is here...
DEBUG:root:ola
DEBUG:root:ola
DEBUG:root:tudo
DEBUG:root:tudo
DEBUG:root:ola
DEBUG:root:ola
DEBUG:root:a
DEBUG:root:ola
DEBUG:root:oi?
DEBUG:root:dwdw/join ahahah
DEBUG:root:dwdw/join ahahah
DEBUG:root:a
DEBUG:root:wdwdw
DEBUG:root:wdwdw
DEBUG:root:ola
DEBUG:root:ola banana
DEBUG:root:ola banana
DEBUG:root:Olá Mundo
DEBUG:root:Hello World
DEBUG:root:Hello World
DEBUG:root:Olá Mundo
DEBUG:root:Hello World
DEBUG:root:Hello World
DEBUG:root:How are you?
DEBUG:root:How are you?
DEBUG:root:Are you new around here?
DEBUG:root:Are you new around here?
DEBUG:root:Hope you enjoy your stay
DEBUG:root:Hope you enjoy your stay
DEBUG:root:You are awesome!
DEBUG:root:Hello!
DEBUG:root:Welcome aboard
DEBUG:root:Welcome aboard
DEBUG:root:Who are you?
DEBUG:root:Who are you?
DEBUG:root:I'm Joe
DEBUG:root:Nice to meet you Joe
DEBUG:root:Nice to meet you Joe
DEBUG:root:Cya around
DEBUG:root:Hello!
DEBUG:root:Olá Mundo
DEBUG:root:Hello World
DEBUG:root:Hello World
DEBUG:root:Olá Mundo
DEBUG:root:Hello World
DEBUG:root:Hello World
DEBUG:root:How are you?
DEBUG:root:How are you?
DEBUG:root:Are you new around here?
DEBUG:root:Are you new around here?
DEBUG:root:Hope you enjoy your stay
DEBUG:root:Hope you enjoy your stay
DEBUG:root:You are awesome!
DEBUG:root:Hello!
DEBUG:root:Welcome aboard
DEBUG:root:Welcome aboard
DEBUG:root:Who are you?
DEBUG:root:Who are you?
DEBUG:root:I'm Joe
DEBUG:root:Nice to meet you Joe
DEBUG:root:Nice to meet you Joe
DEBUG:root:Cya around
DEBUG:root:Hello!
DEBUG:root:Olá Mundo
DEBUG:root:Hello World
DEBUG:root:Hello World
DEBUG:root:Olá Mundo
DEBUG:root:Hello World
DEBUG:root:Hello World
DEBUG:root:How are you?
DEBUG:root:How are you?
DEBUG:root:Are you new around here?
DEBUG:root:Are you new around here?
DEBUG:root:Hope you enjoy your stay
DEBUG:root:Hope you enjoy your stay
DEBUG:root:You are awesome!
DEBUG:root:Hello!
DEBUG:root:Welcome aboard
DEBUG:root:Welcome aboard
DEBUG:root:Who are you?
DEBUG:root:Who are you?
DEBUG:root:I'm Joe
DEBUG:root:Nice to meet you Joe
DEBUG:root:Nice to meet you Joe
DEBUG:root:Cya around
DEBUG:root:Hello!
DEBUG:root:I've come to talk with you again
DEBUG:root:Olá Mundo
DEBUG:root:Hello World
DEBUG:root:Hello World
DEBUG:root:Olá Mundo
DEBUG:root:Hello World
DEBUG:root:Hello World
DEBUG:root:How are you?
DEBUG:root:How are you?
DEBUG:root:Are you new around here?
DEBUG:root:Are you new around here?
DEBUG:root:Hope you enjoy your stay
DEBUG:root:Hope you enjoy your stay
DEBUG:root:You are awesome!
DEBUG:root:Hello!
DEBUG:root:Welcome aboard
DEBUG:root:Welcome aboard
DEBUG:root:Who are you?
DEBUG:root:Who are you?
DEBUG:root:I'm Joe
DEBUG:root:Nice to meet you Joe
DEBUG:root:Nice to meet you Joe
DEBUG:root:Cya around
DEBUG:root:Hello!
DEBUG:root:I've come to talk with you again
